<?xml version="1.0" encoding="UTF-8"?>
<!-- Generated by org.testng.reporters.JUnitReportReporter -->
<testsuite hostname="N114-CST" failures="0" tests="18" name="ro.peViitor.LandingPageTest" time="3.854" errors="0" timestamp="2022-12-19T11:23:26 EET" skipped="1">
  <testcase classname="ro.peViitor.LandingPageTest" name="search_text_color" time="0.014"/>
  <system-out/>
  <testcase classname="ro.peViitor.LandingPageTest" name="join_font_Size" time="0.013"/>
  <system-out/>
  <testcase classname="ro.peViitor.LandingPageTest" name="search_Margin" time="0.013"/>
  <system-out/>
  <testcase classname="ro.peViitor.LandingPageTest" name="search_fontStyle" time="0.015"/>
  <system-out/>
  <testcase classname="ro.peViitor.LandingPageTest" name="join_color" time="0.015"/>
  <system-out/>
  <testcase classname="ro.peViitor.LandingPageTest" name="join_characters" time="0.022"/>
  <system-out/>
  <testcase classname="ro.peViitor.LandingPageTest" name="search_height" time="0.014"/>
  <system-out/>
  <testcase classname="ro.peViitor.LandingPageTest" name="join_tap" time="2.043"/>
  <system-out/>
  <testcase classname="ro.peViitor.LandingPageTest" name="search_tap" time="1.575"/>
  <system-out/>
  <testcase classname="ro.peViitor.LandingPageTest" name="isHomepage" time="0.014"/>
  <system-out/>
  <testcase classname="ro.peViitor.LandingPageTest" name="join_FontStyle" time="0.018"/>
  <system-out/>
  <testcase classname="ro.peViitor.LandingPageTest" name="search_visible" time="0.026"/>
  <system-out/>
  <testcase classname="ro.peViitor.LandingPageTest" name="search_Center" time="0.012"/>
  <system-out/>
  <testcase classname="ro.peViitor.LandingPageTest" name="search_border_Radius" time="0.012"/>
  <system-out/>
  <testcase classname="ro.peViitor.LandingPageTest" name="join_font_weight" time="0.018"/>
  <system-out/>
  <testcase classname="ro.peViitor.LandingPageTest" name="search_BColor" time="0.016"/>
  <system-out/>
  <testcase classname="ro.peViitor.LandingPageTest" name="join_letter_spacing" time="0.014"/>
  <system-out/>
  <testcase classname="ro.peViitor.LandingPageTest" name="instagram_tap">
    <skipped/>
  </testcase> <!-- instagram_tap -->
  <system-out/>
</testsuite> <!-- ro.peViitor.LandingPageTest -->
