<?xml version="1.0" encoding="UTF-8"?>
<!-- Generated by org.testng.reporters.JUnitReportReporter -->
<testsuite hostname="EPROBUCW0119" failures="0" tests="1" name="ro.peviitor.runners.TestRunner" time="4.746" errors="0" timestamp="2023-02-19T13:52:54 EET" skipped="0">
  <testcase classname="ro.peviitor.runners.TestRunner" name="runScenario" time="4.746"/>
  <system-out/>
</testsuite> <!-- ro.peviitor.runners.TestRunner -->
